<?xml version="1.0" encoding="UTF-8"?>
<!-- Generated by org.testng.reporters.JUnitReportReporter -->
<testsuite hostname="MacBook-Pro-1286.local" failures="0" tests="1" name="com.test.cases.TestCase013" time="6.998" errors="0" timestamp="2025-10-11T21:41:26 EDT" skipped="0">
  <testcase classname="com.test.cases.TestCase013" name="Test_013_Verify_Product_Quantity_In_Cart" time="6.998"/>
</testsuite> <!-- com.test.cases.TestCase013 -->
