<?xml version="1.0" encoding="UTF-8"?>
<!-- Generated by org.testng.reporters.JUnitReportReporter -->
<testsuite hostname="MacBook-Pro-1286.local" failures="0" tests="1" name="com.test.cases.TestCaseSeventeen" time="3.466" errors="0" timestamp="2025-10-08T23:55:15 EDT" skipped="0">
  <testcase classname="com.test.cases.TestCaseSeventeen" name="TC_017_Remove_Products_From_Cart" time="3.466"/>
</testsuite> <!-- com.test.cases.TestCaseSeventeen -->
