<?xml version="1.0" encoding="UTF-8"?>
<!-- Generated by org.testng.reporters.JUnitReportReporter -->
<testsuite hostname="MacBook-Pro-1286.local" failures="0" tests="1" name="com.test.cases.TestCase007" time="3.223" errors="0" timestamp="2025-10-11T16:15:25 EDT" skipped="0">
  <testcase classname="com.test.cases.TestCase007" name="TC_007_Verify_Test_Case_Page" time="3.223"/>
</testsuite> <!-- com.test.cases.TestCase007 -->
