<?xml version="1.0" encoding="UTF-8"?>
<!-- Generated by org.testng.reporters.JUnitReportReporter -->
<testsuite hostname="MacBook-Pro-1286.local" failures="0" tests="1" name="com.test.cases.TestCaseFive" time="2.423" errors="0" timestamp="2025-09-27T22:04:50 EDT" skipped="0">
  <testcase classname="com.test.cases.TestCaseFive" name="TC_005_Register_Negative" time="2.423"/>
</testsuite> <!-- com.test.cases.TestCaseFive -->
