<?xml version="1.0" encoding="UTF-8"?>
<!-- Generated by org.testng.reporters.JUnitReportReporter -->
<testsuite hostname="MacBook-Pro-1286.local" failures="0" tests="1" name="com.test.cases.TestCaseSix" time="5.182" errors="0" timestamp="2025-09-27T23:52:43 EDT" skipped="0">
  <testcase classname="com.test.cases.TestCaseSix" name="Test_006_Contact_Us_Form" time="5.182"/>
</testsuite> <!-- com.test.cases.TestCaseSix -->
