<?xml version="1.0" encoding="UTF-8"?>
<!-- Generated by org.testng.reporters.JUnitReportReporter -->
<testsuite hostname="MacBook-Pro-1286.local" failures="0" tests="1" name="com.test.cases.TestCaseOne" time="9.932" errors="0" timestamp="2025-09-25T22:13:55 EDT" skipped="0">
  <testcase classname="com.test.cases.TestCaseOne" name="test_001" time="9.932"/>
</testsuite> <!-- com.test.cases.TestCaseOne -->
