<?xml version="1.0" encoding="UTF-8"?>
<!-- Generated by org.testng.reporters.JUnitReportReporter -->
<testsuite hostname="MacBook-Pro-1286.local" failures="0" tests="1" name="com.test.cases.TestCase010" time="0.210" errors="0" timestamp="2025-10-11T20:20:30 EDT" skipped="0">
  <testcase classname="com.test.cases.TestCase010" name="TC_010_Verify_Subscription" time="0.210"/>
</testsuite> <!-- com.test.cases.TestCase010 -->
