<?xml version="1.0" encoding="UTF-8"?>
<!-- Generated by org.testng.reporters.JUnitReportReporter -->
<testsuite hostname="MacBook-Pro-1286.local" failures="0" tests="1" name="com.test.cases.TestCaseTwentyTwo" time="2.779" errors="0" timestamp="2025-10-09T22:24:16 EDT" skipped="0">
  <testcase classname="com.test.cases.TestCaseTwentyTwo" name="TC_022_Add_Recommended_Product_To_Cart" time="2.779"/>
</testsuite> <!-- com.test.cases.TestCaseTwentyTwo -->
