<?xml version="1.0" encoding="UTF-8"?>
<!-- Generated by org.testng.reporters.JUnitReportReporter -->
<testsuite hostname="MacBook-Pro-1286.local" failures="0" tests="1" name="com.test.cases.TestCase005" time="2.328" errors="0" timestamp="2025-10-11T15:22:16 EDT" skipped="0">
  <testcase classname="com.test.cases.TestCase005" name="TC_005_Register_Negative" time="2.328"/>
</testsuite> <!-- com.test.cases.TestCase005 -->
