<?xml version="1.0" encoding="UTF-8"?>
<!-- Generated by org.testng.reporters.JUnitReportReporter -->
<testsuite hostname="MacBook-Pro-1286.local" failures="0" tests="1" name="com.test.cases.TestCaseTwentyThree" time="87.891" errors="0" timestamp="2025-10-12T14:13:42 EDT" skipped="0">
  <testcase classname="com.test.cases.TestCaseTwentyThree" name="TC_023_Verify_Billing_And_Shipping_Address" time="87.891"/>
</testsuite> <!-- com.test.cases.TestCaseTwentyThree -->
