<?xml version="1.0" encoding="UTF-8"?>
<!-- Generated by org.testng.reporters.JUnitReportReporter -->
<testsuite hostname="MacBook-Pro-1286.local" failures="0" tests="1" name="com.test.cases.TestCase016" time="18.326" errors="0" timestamp="2025-10-11T23:34:49 EDT" skipped="0">
  <testcase classname="com.test.cases.TestCase016" name="TC_16_Login_Before_Checkout" time="18.326"/>
</testsuite> <!-- com.test.cases.TestCase016 -->
