<?xml version="1.0" encoding="UTF-8"?>
<!-- Generated by org.testng.reporters.JUnitReportReporter -->
<testsuite hostname="MacBook-Pro-1286.local" failures="0" tests="2" name="com.test.cases.TestCaseOne" time="286.012" errors="0" timestamp="2025-09-27T17:01:37 EDT" skipped="0">
  <testcase classname="com.test.cases.TestCaseOne" name="Test_001_Register_User" time="19.868"/>
  <testcase classname="com.test.cases.TestCaseOne" name="Test_002_RegisterUser" time="266.144"/>
</testsuite> <!-- com.test.cases.TestCaseOne -->
