<?xml version="1.0" encoding="UTF-8"?>
<!-- Generated by org.testng.reporters.JUnitReportReporter -->
<testsuite hostname="MacBook-Pro-1286.local" failures="0" tests="1" name="com.test.cases.TestCaseTen" time="0.228" errors="0" timestamp="2025-09-29T20:37:35 EDT" skipped="0">
  <testcase classname="com.test.cases.TestCaseTen" name="TC_010_Verify_Subscription" time="0.228"/>
</testsuite> <!-- com.test.cases.TestCaseTen -->
