<?xml version="1.0" encoding="UTF-8"?>
<!-- Generated by org.testng.reporters.JUnitReportReporter -->
<testsuite hostname="MacBook-Pro-1286.local" failures="0" tests="1" name="com.test.cases.TestCaseEight" time="4.936" errors="0" timestamp="2025-09-28T16:53:34 EDT" skipped="0">
  <testcase classname="com.test.cases.TestCaseEight" name="Test_008_Product_Detail_Page_Verification" time="4.936"/>
</testsuite> <!-- com.test.cases.TestCaseEight -->
