<?xml version="1.0" encoding="UTF-8"?>
<!-- Generated by org.testng.reporters.JUnitReportReporter -->
<testsuite hostname="MacBook-Pro-1286.local" failures="0" tests="1" name="com.test.cases.TestCaseFour" time="7.052" errors="0" timestamp="2025-09-27T21:46:17 EDT" skipped="0">
  <testcase classname="com.test.cases.TestCaseFour" name="Test_004_LogoutTest" time="7.052"/>
</testsuite> <!-- com.test.cases.TestCaseFour -->
