<?xml version="1.0" encoding="UTF-8"?>
<!-- Generated by org.testng.reporters.JUnitReportReporter -->
<testsuite hostname="MacBook-Pro-1286.local" failures="0" tests="1" name="com.test.cases.TestCaseFourteen" time="21.109" errors="0" timestamp="2025-10-08T19:52:57 EDT" skipped="0">
  <testcase classname="com.test.cases.TestCaseFourteen" name="TC_014_Place_Order_Register_While_Checkout" time="21.109"/>
</testsuite> <!-- com.test.cases.TestCaseFourteen -->
