<?xml version="1.0" encoding="UTF-8"?>
<!-- Generated by org.testng.reporters.JUnitReportReporter -->
<testsuite hostname="MacBook-Pro-1286.local" failures="0" tests="1" name="com.test.cases.TestCase009" time="7.219" errors="0" timestamp="2025-10-11T20:06:04 EDT" skipped="0">
  <testcase classname="com.test.cases.TestCase009" name="Test_009_Search_Products" time="7.219"/>
</testsuite> <!-- com.test.cases.TestCase009 -->
