<?xml version="1.0" encoding="UTF-8"?>
<!-- Generated by org.testng.reporters.JUnitReportReporter -->
<testsuite hostname="MacBook-Pro-1286.local" failures="0" tests="1" name="com.test.cases.TestCaseTwentySix" time="0.079" errors="0" timestamp="2025-10-10T16:08:42 EDT" skipped="0">
  <testcase classname="com.test.cases.TestCaseTwentySix" name="TC_026_Scroll_Up_And_Down" time="0.079"/>
</testsuite> <!-- com.test.cases.TestCaseTwentySix -->
