<?xml version="1.0" encoding="UTF-8"?>
<!-- Generated by org.testng.reporters.JUnitReportReporter -->
<testsuite hostname="MacBook-Pro-1286.local" failures="0" tests="1" name="com.test.cases.TestCaseTwentyfour" time="27.265" errors="0" timestamp="2025-10-10T15:44:00 EDT" skipped="0">
  <testcase classname="com.test.cases.TestCaseTwentyfour" name="TC_024_Download_Invoice_After_Purchase_Order" time="27.265"/>
</testsuite> <!-- com.test.cases.TestCaseTwentyfour -->
