<?xml version="1.0" encoding="UTF-8"?>
<!-- Generated by org.testng.reporters.JUnitReportReporter -->
<testsuite hostname="MacBook-Pro-1286.local" failures="0" tests="1" name="com.test.cases.TestCaseTwentyFive" time="0.163" errors="0" timestamp="2025-10-10T16:00:52 EDT" skipped="0">
  <testcase classname="com.test.cases.TestCaseTwentyFive" name="TC_025_Scroll_Up_And_Down" time="0.163"/>
</testsuite> <!-- com.test.cases.TestCaseTwentyFive -->
