<?xml version="1.0" encoding="UTF-8"?>
<!-- Generated by org.testng.reporters.JUnitReportReporter -->
<testsuite hostname="MacBook-Pro-1286.local" failures="0" tests="1" name="com.test.cases.TestCaseThirteen" time="6.673" errors="0" timestamp="2025-10-02T19:02:35 EDT" skipped="0">
  <testcase classname="com.test.cases.TestCaseThirteen" name="Test_013_" time="6.673"/>
</testsuite> <!-- com.test.cases.TestCaseThirteen -->
