<?xml version="1.0" encoding="UTF-8"?>
<!-- Generated by org.testng.reporters.JUnitReportReporter -->
<testsuite hostname="MacBook-Pro-1286.local" failures="0" tests="1" name="com.test.cases.TestCase011" time="1.910" errors="0" timestamp="2025-10-11T20:33:21 EDT" skipped="0">
  <testcase classname="com.test.cases.TestCase011" name="TC_011_Verify_Subscription_In_CartPage" time="1.910"/>
</testsuite> <!-- com.test.cases.TestCase011 -->
