<?xml version="1.0" encoding="UTF-8"?>
<!-- Generated by org.testng.reporters.JUnitReportReporter -->
<testsuite hostname="MacBook-Pro-1286.local" failures="0" tests="1" name="com.test.cases.TestCaseSeven" time="1.706" errors="0" timestamp="2025-09-28T00:08:08 EDT" skipped="0">
  <testcase classname="com.test.cases.TestCaseSeven" name="TC_007_Verify_Test_Case_Page" time="1.706"/>
</testsuite> <!-- com.test.cases.TestCaseSeven -->
