<?xml version="1.0" encoding="UTF-8"?>
<!-- Generated by org.testng.reporters.JUnitReportReporter -->
<testsuite hostname="MacBook-Pro-1286.local" failures="0" tests="1" name="com.test.cases.TestCaseTwentyOne" time="4.337" errors="0" timestamp="2025-10-09T21:44:55 EDT" skipped="0">
  <testcase classname="com.test.cases.TestCaseTwentyOne" name="TC_021_Adding_Review_On_A_Product" time="4.337"/>
</testsuite> <!-- com.test.cases.TestCaseTwentyOne -->
