<?xml version="1.0" encoding="UTF-8"?>
<!-- Generated by org.testng.reporters.JUnitReportReporter -->
<testsuite hostname="MacBook-Pro-1286.local" failures="0" tests="1" name="com.test.cases.TestCaseThree" time="3.333" errors="0" timestamp="2025-09-27T21:45:55 EDT" skipped="0">
  <testcase classname="com.test.cases.TestCaseThree" name="Test_003" time="3.333"/>
</testsuite> <!-- com.test.cases.TestCaseThree -->
