<?xml version="1.0" encoding="UTF-8"?>
<!-- Generated by org.testng.reporters.JUnitReportReporter -->
<testsuite hostname="MacBook-Pro-1286.local" failures="0" tests="1" name="com.test.cases.TestCaseOne" time="11.852" errors="0" timestamp="2025-09-27T21:45:11 EDT" skipped="0">
  <testcase classname="com.test.cases.TestCaseOne" name="Test_001_RegisterUser" time="11.852"/>
</testsuite> <!-- com.test.cases.TestCaseOne -->
