<?xml version="1.0" encoding="UTF-8"?>
<!-- Generated by org.testng.reporters.JUnitReportReporter -->
<testsuite hostname="MacBook-Pro-1286.local" failures="0" tests="1" name="com.test.cases.TestCaseThree" time="2.533" errors="0" timestamp="2025-10-11T14:55:05 EDT" skipped="0">
  <testcase classname="com.test.cases.TestCaseThree" name="Test_003" time="2.533"/>
</testsuite> <!-- com.test.cases.TestCaseThree -->
