<?xml version="1.0" encoding="UTF-8"?>
<!-- Generated by org.testng.reporters.JUnitReportReporter -->
<testsuite hostname="MacBook-Pro-1286.local" failures="0" tests="1" name="com.test.cases.TestCaseEleven" time="1.673" errors="0" timestamp="2025-09-29T21:08:04 EDT" skipped="0">
  <testcase classname="com.test.cases.TestCaseEleven" name="TC_011_Verify_Subscription_In_CartPage" time="1.673"/>
</testsuite> <!-- com.test.cases.TestCaseEleven -->
