<?xml version="1.0" encoding="UTF-8"?>
<!-- Generated by org.testng.reporters.JUnitReportReporter -->
<testsuite hostname="MacBook-Pro-1286.local" failures="0" tests="1" name="com.test.cases.TestCaseTwo" time="117.991" errors="0" timestamp="2025-09-27T17:30:01 EDT" skipped="0">
  <testcase classname="com.test.cases.TestCaseTwo" name="Test_002_Login_Positive_02" time="117.991"/>
</testsuite> <!-- com.test.cases.TestCaseTwo -->
