<?xml version="1.0" encoding="UTF-8"?>
<!-- Generated by org.testng.reporters.JUnitReportReporter -->
<testsuite hostname="MacBook-Pro-1286.local" failures="0" tests="1" name="com.test.cases.TestCaseNine" time="4.019" errors="0" timestamp="2025-09-28T22:03:06 EDT" skipped="0">
  <testcase classname="com.test.cases.TestCaseNine" name="Test_009_Search_Products" time="4.019"/>
</testsuite> <!-- com.test.cases.TestCaseNine -->
