<?xml version="1.0" encoding="UTF-8"?>
<!-- Generated by org.testng.reporters.JUnitReportReporter -->
<testsuite hostname="MacBook-Pro-1286.local" failures="0" tests="1" name="com.test.cases.TestCase012" time="7.206" errors="0" timestamp="2025-10-11T21:11:41 EDT" skipped="0">
  <testcase classname="com.test.cases.TestCase012" name="TC_012_Add_Products_To_Cart" time="7.206"/>
</testsuite> <!-- com.test.cases.TestCase012 -->
