<?xml version="1.0" encoding="UTF-8"?>
<!-- Generated by org.testng.reporters.JUnitReportReporter -->
<testsuite hostname="MacBook-Pro-1286.local" failures="0" tests="1" name="com.test.cases.TestCase015" time="19.733" errors="0" timestamp="2025-10-11T23:24:06 EDT" skipped="0">
  <testcase classname="com.test.cases.TestCase015" name="TC_015_Register_Before_Checkout" time="19.733"/>
</testsuite> <!-- com.test.cases.TestCase015 -->
