<?xml version="1.0" encoding="UTF-8"?>
<!-- Generated by org.testng.reporters.JUnitReportReporter -->
<testsuite hostname="MacBook-Pro-1286.local" failures="0" tests="1" name="com.test.cases.TestCaseTwelve" time="10.344" errors="0" timestamp="2025-10-02T18:33:04 EDT" skipped="0">
  <testcase classname="com.test.cases.TestCaseTwelve" name="TC_012_Add_Products_To_Cart" time="10.344"/>
</testsuite> <!-- com.test.cases.TestCaseTwelve -->
