<?xml version="1.0" encoding="UTF-8"?>
<!-- Generated by org.testng.reporters.JUnitReportReporter -->
<testsuite hostname="MacBook-Pro-1286.local" failures="0" tests="1" name="com.test.cases.TestCaseFifteen" time="17.303" errors="0" timestamp="2025-10-08T21:07:15 EDT" skipped="0">
  <testcase classname="com.test.cases.TestCaseFifteen" name="TC_015_Register_Before_Checkout" time="17.303"/>
</testsuite> <!-- com.test.cases.TestCaseFifteen -->
