<?xml version="1.0" encoding="UTF-8"?>
<!-- Generated by org.testng.reporters.JUnitReportReporter -->
<testsuite hostname="MacBook-Pro-1286.local" failures="0" tests="1" name="com.test.cases.TestCase018" time="5.105" errors="0" timestamp="2025-10-12T00:00:04 EDT" skipped="0">
  <testcase classname="com.test.cases.TestCase018" name="TC_018_View_Category_Products" time="5.105"/>
</testsuite> <!-- com.test.cases.TestCase018 -->
