<?xml version="1.0" encoding="UTF-8"?>
<!-- Generated by org.testng.reporters.JUnitReportReporter -->
<testsuite hostname="MacBook-Pro-1286.local" failures="0" tests="1" name="com.test.cases.TestCaseTwenty" time="13.567" errors="0" timestamp="2025-10-09T21:09:36 EDT" skipped="0">
  <testcase classname="com.test.cases.TestCaseTwenty" name="TC_020_Search_Products_And_Add_Them_To_Cart" time="13.567"/>
</testsuite> <!-- com.test.cases.TestCaseTwenty -->
