<?xml version="1.0" encoding="UTF-8"?>
<!-- Generated by org.testng.reporters.JUnitReportReporter -->
<testsuite hostname="MacBook-Pro-1286.local" failures="0" tests="1" name="com.test.cases.TestAnnotation" time="0.002" errors="0" timestamp="2025-10-11T13:18:39 EDT" skipped="0">
  <testcase classname="com.test.cases.TestAnnotation" name="testMethod" time="0.002"/>
</testsuite> <!-- com.test.cases.TestAnnotation -->
