<?xml version="1.0" encoding="UTF-8"?>
<!-- Generated by org.testng.reporters.JUnitReportReporter -->
<testsuite hostname="MacBook-Pro-1286.local" failures="0" tests="1" name="com.test.cases.TestCaseOne" time="10.272" errors="0" timestamp="2025-10-11T14:32:41 EDT" skipped="0">
  <testcase classname="com.test.cases.TestCaseOne" name="Test_001_RegisterNewUser" time="10.272"/>
</testsuite> <!-- com.test.cases.TestCaseOne -->
